<?xml version="1.0" encoding="UTF-8"?>
<!-- Generated by org.testng.reporters.JUnitReportReporter -->
<testsuite hostname="LAPTOP-1UNIGILM" failures="0" tests="1" name="activity.Sreenshotmind" time="12.920" errors="0" timestamp="2024-11-16T02:04:55 IST" skipped="0">
  <testcase classname="activity.Sreenshotmind" name="Screenshot" time="12.920"/>
  <system-out/>
</testsuite> <!-- activity.Sreenshotmind -->
