<?xml version="1.0" encoding="UTF-8"?>
<!-- Generated by org.testng.reporters.JUnitReportReporter -->
<testsuite hostname="LAPTOP-1UNIGILM" failures="0" tests="1" name="activity.ScreenshotWhole" time="16.571" errors="0" timestamp="2024-11-16T04:14:57 IST" skipped="0">
  <testcase classname="activity.ScreenshotWhole" name="takeshot" time="16.571"/>
  <system-out/>
</testsuite> <!-- activity.ScreenshotWhole -->
