<?xml version="1.0" encoding="UTF-8"?>
<!-- Generated by org.testng.reporters.JUnitReportReporter -->
<testsuite hostname="LAPTOP-1UNIGILM" failures="0" tests="1" name="Test.LoginTest" time="18.708" errors="0" timestamp="2024-11-16T23:31:59 IST" skipped="0">
  <testcase classname="Test.LoginTest" name="verifylogin" time="18.708"/>
  <system-out/>
</testsuite> <!-- Test.LoginTest -->
