<?xml version="1.0" encoding="UTF-8"?>
<!-- Generated by org.testng.reporters.JUnitReportReporter -->
<testsuite hostname="LAPTOP-1UNIGILM" failures="0" tests="1" name="activity.ScrollDown" time="9.919" errors="0" timestamp="2024-11-16T02:44:16 IST" skipped="0">
  <testcase classname="activity.ScrollDown" name="test1" time="9.919"/>
  <system-out/>
</testsuite> <!-- activity.ScrollDown -->
