<?xml version="1.0" encoding="UTF-8"?>
<!-- Generated by org.testng.reporters.JUnitReportReporter -->
<testsuite hostname="LAPTOP-1UNIGILM" failures="0" tests="1" name="activity.WindowHandling" time="19.904" errors="0" timestamp="2024-11-16T03:03:15 IST" skipped="0">
  <testcase classname="activity.WindowHandling" name="mainurl" time="19.904"/>
  <system-out/>
</testsuite> <!-- activity.WindowHandling -->
